  Camera.cpp
  main_6_1.cpp
C:\Users\Adam\source\repos\UnderwaterWorld\cw 6\src\main_6_1.cpp(295,10): warning C4244: "=": konwersja z "int" do "float", możliwa utrata danych
C:\Users\Adam\source\repos\UnderwaterWorld\cw 6\src\main_6_1.cpp(296,10): warning C4244: "=": konwersja z "int" do "float", możliwa utrata danych
C:\Users\Adam\source\repos\UnderwaterWorld\cw 6\src\main_6_1.cpp(382,20): warning C4018: "<": niezgodność typu ze znakiem/bez znaku
C:\Users\Adam\source\repos\UnderwaterWorld\cw 6\src\main_6_1.cpp(384,63): warning C4244: "argument": konwersja z "glm::tvec3<float,glm::packed_highp>::length_type" do "_Ty", możliwa utrata danych
          with
          [
              _Ty=float
          ]
C:\Users\Adam\source\repos\UnderwaterWorld\cw 6\src\main_6_1.cpp(488,20): warning C4018: "<": niezgodność typu ze znakiem/bez znaku
C:\Users\Adam\source\repos\UnderwaterWorld\cw 6\src\main_6_1.cpp(504,22): warning C4244: "=": konwersja z "int" do "float", możliwa utrata danych
C:\Users\Adam\source\repos\UnderwaterWorld\cw 6\src\main_6_1.cpp(508,15): warning C4244: "=": konwersja z "int" do "float", możliwa utrata danych
C:\Users\Adam\source\repos\UnderwaterWorld\cw 6\src\main_6_1.cpp(512,22): warning C4244: "=": konwersja z "int" do "float", możliwa utrata danych
C:\Users\Adam\source\repos\UnderwaterWorld\cw 6\src\main_6_1.cpp(516,15): warning C4244: "=": konwersja z "int" do "float", możliwa utrata danych
C:\Users\Adam\source\repos\UnderwaterWorld\cw 6\src\main_6_1.cpp(524,24): warning C4244: "=": konwersja z "int" do "float", możliwa utrata danych
C:\Users\Adam\source\repos\UnderwaterWorld\cw 6\src\main_6_1.cpp(528,17): warning C4244: "=": konwersja z "int" do "float", możliwa utrata danych
C:\Users\Adam\source\repos\UnderwaterWorld\cw 6\src\main_6_1.cpp(532,24): warning C4244: "=": konwersja z "int" do "float", możliwa utrata danych
C:\Users\Adam\source\repos\UnderwaterWorld\cw 6\src\main_6_1.cpp(536,17): warning C4244: "=": konwersja z "int" do "float", możliwa utrata danych
C:\Users\Adam\source\repos\UnderwaterWorld\cw 6\src\main_6_1.cpp(540,12): warning C4244: "argument": konwersja z "time_t" do "unsigned int", możliwa utrata danych
  Render_Utils.cpp
  Shader_Loader.cpp
  ParticleEmitter.cpp
C:\Users\Adam\source\repos\UnderwaterWorld\cw 6\src\ParticleEmitter.cpp(9,20): warning C4018: "<": niezgodność typu ze znakiem/bez znaku
C:\Users\Adam\source\repos\UnderwaterWorld\cw 6\src\ParticleEmitter.cpp(49,20): warning C4018: "<": niezgodność typu ze znakiem/bez znaku
  Texture.cpp
  Generowanie kodu...
  image_DXT.c
C:\Users\Adam\source\repos\UnderwaterWorld\cw 6\src\SOIL\image_DXT.c(92,9): warning C4996: 'fopen': This function or variable may be unsafe. Consider using fopen_s instead. To disable deprecation, use _CRT_SECURE_NO_WARNINGS. See online help for details.
  image_helper.c
C:\Users\Adam\source\repos\UnderwaterWorld\cw 6\src\SOIL\image_helper.c(325,1): warning C4244: "inicjowanie": konwersja z "double" do "float", możliwa utrata danych
C:\Users\Adam\source\repos\UnderwaterWorld\cw 6\src\SOIL\image_helper.c(366,58): warning C4244: "=": konwersja z "double" do "float", możliwa utrata danych
C:\Users\Adam\source\repos\UnderwaterWorld\cw 6\src\SOIL\image_helper.c(373,46): warning C4244: "=": konwersja z "float" do "int", możliwa utrata danych
C:\Users\Adam\source\repos\UnderwaterWorld\cw 6\src\SOIL\image_helper.c(415,58): warning C4244: "=": konwersja z "double" do "float", możliwa utrata danych
C:\Users\Adam\source\repos\UnderwaterWorld\cw 6\src\SOIL\image_helper.c(422,62): warning C4244: "=": konwersja z "float" do "int", możliwa utrata danych
  SOIL.c
C:\Users\Adam\source\repos\UnderwaterWorld\cw 6\src\SOIL\SOIL.c(1719,36): warning C4018: "<=": niezgodność typu ze znakiem/bez znaku
C:\Users\Adam\source\repos\UnderwaterWorld\cw 6\src\SOIL\SOIL.c(1729,19): warning C4018: "<": niezgodność typu ze znakiem/bez znaku
C:\Users\Adam\source\repos\UnderwaterWorld\cw 6\src\SOIL\SOIL.c(1841,6): warning C4996: 'fopen': This function or variable may be unsafe. Consider using fopen_s instead. To disable deprecation, use _CRT_SECURE_NO_WARNINGS. See online help for details.
  stb_image_aug.c
C:\Users\Adam\source\repos\UnderwaterWorld\cw 6\src\SOIL\stb_image_aug.c(177,14): warning C4996: 'fopen': This function or variable may be unsafe. Consider using fopen_s instead. To disable deprecation, use _CRT_SECURE_NO_WARNINGS. See online help for details.
C:\Users\Adam\source\repos\UnderwaterWorld\cw 6\src\SOIL\stb_image_aug.c(251,14): warning C4996: 'fopen': This function or variable may be unsafe. Consider using fopen_s instead. To disable deprecation, use _CRT_SECURE_NO_WARNINGS. See online help for details.
C:\Users\Adam\source\repos\UnderwaterWorld\cw 6\src\SOIL\stb_image_aug.c(303,14): warning C4996: 'fopen': This function or variable may be unsafe. Consider using fopen_s instead. To disable deprecation, use _CRT_SECURE_NO_WARNINGS. See online help for details.
C:\Users\Adam\source\repos\UnderwaterWorld\cw 6\src\SOIL\stb_image_aug.c(1557,14): warning C4996: 'fopen': This function or variable may be unsafe. Consider using fopen_s instead. To disable deprecation, use _CRT_SECURE_NO_WARNINGS. See online help for details.
C:\Users\Adam\source\repos\UnderwaterWorld\cw 6\src\SOIL\stb_image_aug.c(2394,14): warning C4996: 'fopen': This function or variable may be unsafe. Consider using fopen_s instead. To disable deprecation, use _CRT_SECURE_NO_WARNINGS. See online help for details.
C:\Users\Adam\source\repos\UnderwaterWorld\cw 6\src\SOIL\stb_image_aug.c(2709,14): warning C4996: 'fopen': This function or variable may be unsafe. Consider using fopen_s instead. To disable deprecation, use _CRT_SECURE_NO_WARNINGS. See online help for details.
C:\Users\Adam\source\repos\UnderwaterWorld\cw 6\src\SOIL\stb_image_aug.c(2995,14): warning C4996: 'fopen': This function or variable may be unsafe. Consider using fopen_s instead. To disable deprecation, use _CRT_SECURE_NO_WARNINGS. See online help for details.
C:\Users\Adam\source\repos\UnderwaterWorld\cw 6\src\SOIL\stb_image_aug.c(3209,14): warning C4996: 'fopen': This function or variable may be unsafe. Consider using fopen_s instead. To disable deprecation, use _CRT_SECURE_NO_WARNINGS. See online help for details.
C:\Users\Adam\source\repos\UnderwaterWorld\cw 6\src\SOIL\stb_image_aug.c(3548,14): warning C4996: 'fopen': This function or variable may be unsafe. Consider using fopen_s instead. To disable deprecation, use _CRT_SECURE_NO_WARNINGS. See online help for details.
C:\Users\Adam\source\repos\UnderwaterWorld\cw 6\src\SOIL\stb_image_aug.c(3644,14): warning C4996: 'fopen': This function or variable may be unsafe. Consider using fopen_s instead. To disable deprecation, use _CRT_SECURE_NO_WARNINGS. See online help for details.
C:\Users\Adam\source\repos\UnderwaterWorld\cw 6\src\SOIL\stbi_DDS_aug_c.h(362,19): warning C4018: ">": niezgodność typu ze znakiem/bez znaku
C:\Users\Adam\source\repos\UnderwaterWorld\cw 6\src\SOIL\stbi_DDS_aug_c.h(366,19): warning C4018: ">": niezgodność typu ze znakiem/bez znaku
C:\Users\Adam\source\repos\UnderwaterWorld\cw 6\src\SOIL\stbi_DDS_aug_c.h(390,19): warning C4018: "<": niezgodność typu ze znakiem/bez znaku
C:\Users\Adam\source\repos\UnderwaterWorld\cw 6\src\SOIL\stbi_DDS_aug_c.h(427,19): warning C4018: "<": niezgodność typu ze znakiem/bez znaku
C:\Users\Adam\source\repos\UnderwaterWorld\cw 6\src\SOIL\stbi_DDS_aug_c.h(498,14): warning C4996: 'fopen': This function or variable may be unsafe. Consider using fopen_s instead. To disable deprecation, use _CRT_SECURE_NO_WARNINGS. See online help for details.
  Generowanie kodu...
Camera.obj : warning LNK4075: zignorowano opcję „/EDITANDCONTINUE” z powodu określenia opcji „/INCREMENTAL:NO”
  grk-cw6.vcxproj -> C:\Users\Adam\source\repos\UnderwaterWorld\Debug\grk-cw6.exe
